-------------------------------------------------------------------------------
>Log Session: Saturday, March 26, 2022 at 1:09:24 PM Central European Standard Time
>System Info: 
  Product Version         = Apache NetBeans Platform Dev (Build 11.2-d04fb24027334c4b6fd8397b5d0cdd33187a8f54)
  Operating System        = Windows 10 version 10.0 running on amd64
  Java; VM; Vendor        = 14.0.2; Java HotSpot(TM) 64-Bit Server VM 14.0.2+12-46; Oracle Corporation
  Runtime                 = Java(TM) SE Runtime Environment 14.0.2+12-46
  Java Home               = C:\Program Files\Java\jdk-14.0.2
  System Locale; Encoding = da_DK (asteroidsnetbeansmodules); Cp1252
  Home Directory          = C:\Users\alexv
  Current Directory       = C:\Users\alexv\Documents\GitHub\CBSEExercise\Netbeans1\AsteroidsNetbeansModules\application\target\asteroidsnetbeansmodules
  User Directory          = C:\Users\alexv\Documents\GitHub\CBSEExercise\Netbeans1\AsteroidsNetbeansModules\application\target\userdir
  Cache Directory         = C:\Users\alexv\Documents\GitHub\CBSEExercise\Netbeans1\AsteroidsNetbeansModules\application\target\userdir\var\cache
  Installation            = C:\Users\alexv\Documents\GitHub\CBSEExercise\Netbeans1\AsteroidsNetbeansModules\application\target\asteroidsnetbeansmodules\asteroidsnetbeansmodules
                            C:\Users\alexv\Documents\GitHub\CBSEExercise\Netbeans1\AsteroidsNetbeansModules\application\target\asteroidsnetbeansmodules\bin
                            C:\Users\alexv\Documents\GitHub\CBSEExercise\Netbeans1\AsteroidsNetbeansModules\application\target\asteroidsnetbeansmodules\etc
                            C:\Users\alexv\Documents\GitHub\CBSEExercise\Netbeans1\AsteroidsNetbeansModules\application\target\asteroidsnetbeansmodules\platform
                            C:\Users\alexv\Documents\GitHub\CBSEExercise\Netbeans1\AsteroidsNetbeansModules\application\target\asteroidsnetbeansmodules\platform
  Boot & Ext. Classpath   = 
  Application Classpath   = C:\Users\alexv\Documents\GitHub\CBSEExercise\Netbeans1\AsteroidsNetbeansModules\application\target\asteroidsnetbeansmodules\platform\lib\boot.jar;C:\Users\alexv\Documents\GitHub\CBSEExercise\Netbeans1\AsteroidsNetbeansModules\application\target\asteroidsnetbeansmodules\platform\lib\org-openide-modules.jar;C:\Users\alexv\Documents\GitHub\CBSEExercise\Netbeans1\AsteroidsNetbeansModules\application\target\asteroidsnetbeansmodules\platform\lib\org-openide-util-lookup.jar;C:\Users\alexv\Documents\GitHub\CBSEExercise\Netbeans1\AsteroidsNetbeansModules\application\target\asteroidsnetbeansmodules\platform\lib\org-openide-util-ui.jar;C:\Users\alexv\Documents\GitHub\CBSEExercise\Netbeans1\AsteroidsNetbeansModules\application\target\asteroidsnetbeansmodules\platform\lib\org-openide-util.jar
  Startup Classpath       = C:\Users\alexv\Documents\GitHub\CBSEExercise\Netbeans1\AsteroidsNetbeansModules\application\target\asteroidsnetbeansmodules\platform\core\asm-all-5.0.1.jar;C:\Users\alexv\Documents\GitHub\CBSEExercise\Netbeans1\AsteroidsNetbeansModules\application\target\asteroidsnetbeansmodules\platform\core\core-base.jar;C:\Users\alexv\Documents\GitHub\CBSEExercise\Netbeans1\AsteroidsNetbeansModules\application\target\asteroidsnetbeansmodules\platform\core\core.jar;C:\Users\alexv\Documents\GitHub\CBSEExercise\Netbeans1\AsteroidsNetbeansModules\application\target\asteroidsnetbeansmodules\platform\core\org-netbeans-libs-asm.jar;C:\Users\alexv\Documents\GitHub\CBSEExercise\Netbeans1\AsteroidsNetbeansModules\application\target\asteroidsnetbeansmodules\platform\core\org-openide-filesystems.jar
-------------------------------------------------------------------------------
INFO [org.netbeans.modules.netbinox]: Install area set to file:/C:/Users/alexv/Documents/GitHub/CBSEExercise/Netbeans1/AsteroidsNetbeansModules/application/target/asteroidsnetbeansmodules/
INFO [org.netbeans.core.startup.NbEvents]: Turning on modules:
	org.openide.util.lookup [8.39 11.2-d04fb24027334c4b6fd8397b5d0cdd33187a8f54]
	org.openide.util [9.13 11.2-d04fb24027334c4b6fd8397b5d0cdd33187a8f54]
	org.openide.util.ui [9.14 11.2-d04fb24027334c4b6fd8397b5d0cdd33187a8f54]
	org.openide.modules [7.54 11.2-d04fb24027334c4b6fd8397b5d0cdd33187a8f54]
	org.openide.filesystems [9.16 11.2-d04fb24027334c4b6fd8397b5d0cdd33187a8f54]
	org.netbeans.libs.asm [5.9 11.2-d04fb24027334c4b6fd8397b5d0cdd33187a8f54]
	org.netbeans.bootstrap/1 [2.84 11.2-d04fb24027334c4b6fd8397b5d0cdd33187a8f54]
	org.netbeans.core.startup.base [1.68.0.1 1 11.2-d04fb24027334c4b6fd8397b5d0cdd33187a8f54]
	org.netbeans.core.startup/1 [1.68.0.1 11.2-d04fb24027334c4b6fd8397b5d0cdd33187a8f54]
	org.netbeans.libs.osgi [1.28 11.2-d04fb24027334c4b6fd8397b5d0cdd33187a8f54]
	org.netbeans.core.netigso [1.37 11.2-d04fb24027334c4b6fd8397b5d0cdd33187a8f54]
	org.netbeans.modules.netbinox [1.47 11.2-d04fb24027334c4b6fd8397b5d0cdd33187a8f54]
	org.netbeans.api.annotations.common/1 [1.33 11.2-d04fb24027334c4b6fd8397b5d0cdd33187a8f54]
	org.mockito.mockito_all [1.9.5 1.9.5]
	dk.sdu.mmmi.cbse.Common [1.0 1.0-20220326 202203261209]
	dk.sdu.mmmi.cbse.CommonBullet [1.0 1.0-20220326 202203261209]
	dk.sdu.mmmi.cbse.Player [1.0 1.0-20220326 202203261209]
	dk.sdu.mmmi.cbse.CommonEnemy [1.0 1.0-20220326 202203261209]
	dk.sdu.mmmi.cbse.Enemy [1.0 1.0-20220326 202203261209]
	dk.sdu.mmmi.cbse.Core [1.0 1.0-20220326 202203261209]
	dk.sdu.mmmi.cbse.CommonAsteroids [1.0 1.0-20220326 202203261209]
	dk.sdu.mmmi.cbse.Collision [1.0 1.0-20220326 202203261209]
	dk.sdu.mmmi.cbse.Bullet [1.0 1.0-20220326 202203261209]
	dk.sdu.mmmi.cbse.Asteroid [1.0 1.0-20220326 202203261209]
INFO [org.netbeans.core.netigso.Netigso]: bundle org.mockito.mockito-all@1.9.5 resolved
INFO [org.netbeans.core.netigso.Netigso]: bundle org.mockito.mockito-all@1.9.5 started
INFO [org.netbeans.core.netigso.Netigso]: bundle org.eclipse.osgi@3.9.1.v20140110-1610 started
